<?xml version="1.0" encoding="utf-8"?><testsuites name="pytest tests"><testsuite name="pytest" errors="0" failures="0" skipped="1" tests="22" time="24.594" timestamp="2025-12-16T12:57:54.548357+00:00" hostname="Manojrams-MacBook-Air.local"><testcase classname="tests.integration.test_data_quality" name="test_tables_are_not_empty" time="17.569" /><testcase classname="tests.integration.test_data_quality" name="test_fact_claims_provider_id_referential_integrity" time="1.340" /><testcase classname="tests.integration.test_data_quality" name="test_fact_policies_product_line_referential_integrity" time="0.519" /><testcase classname="tests.integration.test_data_quality" name="test_fact_policies_channel_referential_integrity" time="0.447" /><testcase classname="tests.integration.test_dm_claims_experience_has_extensions" name="test_dm_claims_experience_has_expected_columns" time="0.007" /><testcase classname="tests.integration.test_fact_claims_schema_and_keys" name="test_fact_claims_required_columns" time="0.005" /><testcase classname="tests.integration.test_fact_claims_schema_and_keys" name="test_fact_claims_pk_not_null" time="0.224" /><testcase classname="tests.integration.test_fact_claims_schema_and_keys" name="test_fact_claims_pk_unique" time="1.113" /><testcase classname="tests.integration.test_fact_claims_schema_and_keys" name="test_fact_claims_dq_flags_binary" time="0.450" /><testcase classname="tests.integration.test_gold_catalog" name="test_required_gold_folders_exist" time="0.000" /><testcase classname="tests.integration.test_gold_catalog" name="test_required_views_exist" time="0.000"><skipped type="pytest.skip" message="Views require live catalog setup.">/Users/manojrammopati/Public/Projects/bupa_insurance_project/tests/integration/test_gold_catalog.py:28: Views require live catalog setup.</skipped></testcase><testcase classname="tests.integration.test_star_policies_contract" name="test_star_policies_required_columns" time="0.006" /><testcase classname="tests.integration.test_star_policies_contract" name="test_star_policies_policy_id_not_null" time="0.189" /><testcase classname="tests.integration.test_star_policies_contract" name="test_star_policies_policy_id_unique" time="0.693" /><testcase classname="tests.integration.test_star_policies_contract" name="test_star_policies_dq_flags_binary" time="0.535" /><testcase classname="tests.unit.test_gold_contract_matrix" name="test_required_contracts_exist" time="0.001" /><testcase classname="tests.unit.test_gold_contract_matrix" name="test_contract_matrix_columns_present" time="0.002" /><testcase classname="tests.unit.test_schema_contracts" name="test_every_gold_folder_has_schema_snapshot" time="0.001" /><testcase classname="tests.unit.test_schema_drift_prevention" name="test_schema_snapshots_unchanged_from_committed_versions" time="0.418" /><testcase classname="tests.unit.test_schema_snapshot_coverage" name="test_every_gold_sample_delta_folder_has_schema_snapshot" time="0.001" /><testcase classname="tests.unit.test_schema_snapshot_coverage" name="test_schema_snapshots_are_valid_json_and_have_columns" time="0.005" /><testcase classname="tests.unit.test_security_no_secrets" name="test_no_obvious_secrets_in_repo" time="0.910" /></testsuite></testsuites>