<?xml version="1.0" encoding="utf-8"?><testsuites name="pytest tests"><testsuite name="pytest" errors="0" failures="0" skipped="0" tests="4" time="21.791" timestamp="2025-12-16T12:57:12.503908+00:00" hostname="Manojrams-MacBook-Air.local"><testcase classname="tests.integration.test_data_quality" name="test_tables_are_not_empty" time="19.366" /><testcase classname="tests.integration.test_data_quality" name="test_fact_claims_provider_id_referential_integrity" time="1.511" /><testcase classname="tests.integration.test_data_quality" name="test_fact_policies_product_line_referential_integrity" time="0.437" /><testcase classname="tests.integration.test_data_quality" name="test_fact_policies_channel_referential_integrity" time="0.440" /></testsuite></testsuites>